2018-11-05 16:41:21,993 - Loaded System Directive: org.apache.velocity.runtime.directive.Include
2018-11-05 16:41:21,994 - Loaded System Directive: org.apache.velocity.runtime.directive.Foreach
2018-11-05 16:41:22,011 - Created: 20 parsers.
2018-11-05 16:41:22,017 - Velocimacro : initialization starting.
2018-11-05 16:41:22,017 - Velocimacro : adding VMs from VM library template : VM_global_library.vm
2018-11-05 16:41:22,019 - KindFileResourceLoader : file loader failed to load: VM_global_library.vm
2018-11-05 16:41:22,022 - ResourceManager : found VM_global_library.vm with loader middlegen.KindFileResourceLoader
2018-11-05 16:41:22,022 - Velocimacro :  VM library template macro registration complete.
2018-11-05 16:41:22,022 - Velocimacro : allowInline = true : VMs can be defined inline in templates
2018-11-05 16:41:22,023 - Velocimacro : allowInlineToOverride = false : VMs defined inline may NOT replace previous VM definitions
2018-11-05 16:41:22,023 - Velocimacro : allowInlineLocal = false : VMs defined inline will be  global in scope if allowed.
2018-11-05 16:41:22,023 - Velocimacro : messages on  : VM system will output logging messages
2018-11-05 16:41:22,023 - Velocimacro : autoload off  : VM system will not automatically reload global library macros
2018-11-05 16:41:22,023 - Velocimacro : initialization complete.
2018-11-05 16:41:22,023 - Velocity successfully started.
2018-11-05 16:41:22,118 - ResourceManager : found description-xml.vm with loader middlegen.KindFileResourceLoader
2018-11-05 16:41:22,130 - ResourceManager : found description-xml.vm with loader middlegen.KindFileResourceLoader
2018-11-05 16:41:22,139 - ResourceManager : found copyright.vm with loader middlegen.KindFileResourceLoader
2018-11-05 16:41:22,141 - ResourceManager : found description-java.vm with loader middlegen.KindFileResourceLoader
2018-11-05 16:41:22,142 - ResourceManager : found operation/op-insert.vm with loader middlegen.KindFileResourceLoader
2018-11-05 16:41:22,143 - ResourceManager : found operation/op-javadoc.vm with loader middlegen.KindFileResourceLoader
2018-11-05 16:41:22,145 - ResourceManager : found operation/op-signature.vm with loader middlegen.KindFileResourceLoader
2018-11-05 16:41:22,146 - ResourceManager : found operation/opbody-insert.vm with loader middlegen.KindFileResourceLoader
2018-11-05 16:41:22,147 - ResourceManager : found operation/op-select.vm with loader middlegen.KindFileResourceLoader
2018-11-05 16:41:22,147 - ResourceManager : found operation/op-javadoc.vm with loader middlegen.KindFileResourceLoader
2018-11-05 16:41:22,148 - ResourceManager : found operation/op-signature.vm with loader middlegen.KindFileResourceLoader
2018-11-05 16:41:22,151 - ResourceManager : found operation/opbody-select.vm with loader middlegen.KindFileResourceLoader
2018-11-05 16:41:22,152 - ResourceManager : found operation/op-select.vm with loader middlegen.KindFileResourceLoader
2018-11-05 16:41:22,152 - ResourceManager : found operation/op-javadoc.vm with loader middlegen.KindFileResourceLoader
2018-11-05 16:41:22,153 - ResourceManager : found operation/op-signature.vm with loader middlegen.KindFileResourceLoader
2018-11-05 16:41:22,154 - ResourceManager : found operation/opbody-select.vm with loader middlegen.KindFileResourceLoader
2018-11-05 16:41:22,155 - ResourceManager : found operation/op-update.vm with loader middlegen.KindFileResourceLoader
2018-11-05 16:41:22,155 - ResourceManager : found operation/op-javadoc.vm with loader middlegen.KindFileResourceLoader
2018-11-05 16:41:22,156 - ResourceManager : found operation/op-signature.vm with loader middlegen.KindFileResourceLoader
2018-11-05 16:41:22,157 - ResourceManager : found operation/opbody-update.vm with loader middlegen.KindFileResourceLoader
2018-11-05 16:41:22,157 - ResourceManager : found operation/op-select.vm with loader middlegen.KindFileResourceLoader
2018-11-05 16:41:22,158 - ResourceManager : found operation/op-javadoc.vm with loader middlegen.KindFileResourceLoader
2018-11-05 16:41:22,158 - ResourceManager : found operation/op-signature.vm with loader middlegen.KindFileResourceLoader
2018-11-05 16:41:22,160 - ResourceManager : found operation/opbody-select.vm with loader middlegen.KindFileResourceLoader
2018-11-05 16:41:22,161 - ResourceManager : found operation/op-update.vm with loader middlegen.KindFileResourceLoader
2018-11-05 16:41:22,161 - ResourceManager : found operation/op-javadoc.vm with loader middlegen.KindFileResourceLoader
2018-11-05 16:41:22,162 - ResourceManager : found operation/op-signature.vm with loader middlegen.KindFileResourceLoader
2018-11-05 16:41:22,162 - ResourceManager : found operation/opbody-update.vm with loader middlegen.KindFileResourceLoader
2018-11-05 16:41:22,163 - ResourceManager : found operation/op-delete.vm with loader middlegen.KindFileResourceLoader
2018-11-05 16:41:22,163 - ResourceManager : found operation/op-javadoc.vm with loader middlegen.KindFileResourceLoader
2018-11-05 16:41:22,164 - ResourceManager : found operation/op-signature.vm with loader middlegen.KindFileResourceLoader
2018-11-05 16:41:22,165 - ResourceManager : found operation/opbody-delete.vm with loader middlegen.KindFileResourceLoader
2018-11-05 16:41:22,166 - ResourceManager : found operation/op-delete.vm with loader middlegen.KindFileResourceLoader
2018-11-05 16:41:22,167 - ResourceManager : found operation/op-javadoc.vm with loader middlegen.KindFileResourceLoader
2018-11-05 16:41:22,167 - ResourceManager : found operation/op-signature.vm with loader middlegen.KindFileResourceLoader
2018-11-05 16:41:22,168 - ResourceManager : found operation/opbody-delete.vm with loader middlegen.KindFileResourceLoader
2018-11-05 16:41:22,169 - ResourceManager : found operation/op-select.vm with loader middlegen.KindFileResourceLoader
2018-11-05 16:41:22,169 - ResourceManager : found operation/op-javadoc.vm with loader middlegen.KindFileResourceLoader
2018-11-05 16:41:22,170 - ResourceManager : found operation/op-signature.vm with loader middlegen.KindFileResourceLoader
2018-11-05 16:41:22,171 - ResourceManager : found operation/opbody-select.vm with loader middlegen.KindFileResourceLoader
2018-11-05 16:41:22,179 - ResourceManager : found copyright.vm with loader middlegen.KindFileResourceLoader
2018-11-05 16:41:22,180 - ResourceManager : found description-java.vm with loader middlegen.KindFileResourceLoader
2018-11-05 16:41:22,180 - ResourceManager : found operation/op-insert.vm with loader middlegen.KindFileResourceLoader
2018-11-05 16:41:22,181 - ResourceManager : found operation/op-javadoc.vm with loader middlegen.KindFileResourceLoader
2018-11-05 16:41:22,181 - ResourceManager : found operation/op-signature.vm with loader middlegen.KindFileResourceLoader
2018-11-05 16:41:22,182 - ResourceManager : found operation/op-select.vm with loader middlegen.KindFileResourceLoader
2018-11-05 16:41:22,182 - ResourceManager : found operation/op-javadoc.vm with loader middlegen.KindFileResourceLoader
2018-11-05 16:41:22,183 - ResourceManager : found operation/op-signature.vm with loader middlegen.KindFileResourceLoader
2018-11-05 16:41:22,183 - ResourceManager : found operation/op-select.vm with loader middlegen.KindFileResourceLoader
2018-11-05 16:41:22,184 - ResourceManager : found operation/op-javadoc.vm with loader middlegen.KindFileResourceLoader
2018-11-05 16:41:22,184 - ResourceManager : found operation/op-signature.vm with loader middlegen.KindFileResourceLoader
2018-11-05 16:41:22,185 - ResourceManager : found operation/op-update.vm with loader middlegen.KindFileResourceLoader
2018-11-05 16:41:22,185 - ResourceManager : found operation/op-javadoc.vm with loader middlegen.KindFileResourceLoader
2018-11-05 16:41:22,185 - ResourceManager : found operation/op-signature.vm with loader middlegen.KindFileResourceLoader
2018-11-05 16:41:22,186 - ResourceManager : found operation/op-select.vm with loader middlegen.KindFileResourceLoader
2018-11-05 16:41:22,186 - ResourceManager : found operation/op-javadoc.vm with loader middlegen.KindFileResourceLoader
2018-11-05 16:41:22,187 - ResourceManager : found operation/op-signature.vm with loader middlegen.KindFileResourceLoader
2018-11-05 16:41:22,188 - ResourceManager : found operation/op-update.vm with loader middlegen.KindFileResourceLoader
2018-11-05 16:41:22,188 - ResourceManager : found operation/op-javadoc.vm with loader middlegen.KindFileResourceLoader
2018-11-05 16:41:22,188 - ResourceManager : found operation/op-signature.vm with loader middlegen.KindFileResourceLoader
2018-11-05 16:41:22,189 - ResourceManager : found operation/op-delete.vm with loader middlegen.KindFileResourceLoader
2018-11-05 16:41:22,189 - ResourceManager : found operation/op-javadoc.vm with loader middlegen.KindFileResourceLoader
2018-11-05 16:41:22,191 - ResourceManager : found operation/op-signature.vm with loader middlegen.KindFileResourceLoader
2018-11-05 16:41:22,192 - ResourceManager : found operation/op-delete.vm with loader middlegen.KindFileResourceLoader
2018-11-05 16:41:22,192 - ResourceManager : found operation/op-javadoc.vm with loader middlegen.KindFileResourceLoader
2018-11-05 16:41:22,193 - ResourceManager : found operation/op-signature.vm with loader middlegen.KindFileResourceLoader
2018-11-05 16:41:22,193 - ResourceManager : found operation/op-select.vm with loader middlegen.KindFileResourceLoader
2018-11-05 16:41:22,194 - ResourceManager : found operation/op-javadoc.vm with loader middlegen.KindFileResourceLoader
2018-11-05 16:41:22,194 - ResourceManager : found operation/op-signature.vm with loader middlegen.KindFileResourceLoader
2018-11-05 16:41:22,199 - ResourceManager : found copyright.vm with loader middlegen.KindFileResourceLoader
2018-11-05 16:41:22,199 - ResourceManager : found description-java.vm with loader middlegen.KindFileResourceLoader
2018-11-05 16:41:22,200 - ResourceManager : found do-fields.vm with loader middlegen.KindFileResourceLoader
2018-11-05 16:42:52,727 - Log4JLogSystem initialized using logfile velocity.log
2018-11-05 16:42:52,727 - ************************************************************** 
2018-11-05 16:42:52,727 - Starting Jakarta Velocity v1.4
2018-11-05 16:42:52,727 - RuntimeInstance initializing.
2018-11-05 16:42:52,727 - Default Properties File: org\apache\velocity\runtime\defaults\velocity.properties
2018-11-05 16:42:52,727 - Trying to use logger class middlegen.DontCloseLog4JLogSystem
2018-11-05 16:42:52,727 - Using logger class middlegen.DontCloseLog4JLogSystem
2018-11-05 16:42:52,729 - Default ResourceManager initializing. (class org.apache.velocity.runtime.resource.ResourceManagerImpl)
2018-11-05 16:42:52,732 - Resource Loader Instantiated: middlegen.KindFileResourceLoader
2018-11-05 16:42:52,732 - FileResourceLoader : initialization starting.
2018-11-05 16:42:52,732 - FileResourceLoader : adding path 'templates/mergedir'
2018-11-05 16:42:52,732 - FileResourceLoader : initialization complete.
2018-11-05 16:42:52,732 - ClasspathResourceLoader : initialization starting.
2018-11-05 16:42:52,732 - ClasspathResourceLoader : initialization complete.
2018-11-05 16:42:52,733 - ResourceCache : initialized. (class org.apache.velocity.runtime.resource.ResourceCacheImpl)
2018-11-05 16:42:52,733 - Default ResourceManager initialization complete.
2018-11-05 16:42:52,734 - Loaded System Directive: org.apache.velocity.runtime.directive.Literal
2018-11-05 16:42:52,736 - Loaded System Directive: org.apache.velocity.runtime.directive.Macro
2018-11-05 16:42:52,737 - Loaded System Directive: org.apache.velocity.runtime.directive.Parse
2018-11-05 16:42:52,738 - Loaded System Directive: org.apache.velocity.runtime.directive.Include
2018-11-05 16:42:52,739 - Loaded System Directive: org.apache.velocity.runtime.directive.Foreach
2018-11-05 16:42:52,754 - Created: 20 parsers.
2018-11-05 16:42:52,760 - Velocimacro : initialization starting.
2018-11-05 16:42:52,760 - Velocimacro : adding VMs from VM library template : VM_global_library.vm
2018-11-05 16:42:52,762 - KindFileResourceLoader : file loader failed to load: VM_global_library.vm
2018-11-05 16:42:52,765 - ResourceManager : found VM_global_library.vm with loader middlegen.KindFileResourceLoader
2018-11-05 16:42:52,765 - Velocimacro :  VM library template macro registration complete.
2018-11-05 16:42:52,765 - Velocimacro : allowInline = true : VMs can be defined inline in templates
2018-11-05 16:42:52,766 - Velocimacro : allowInlineToOverride = false : VMs defined inline may NOT replace previous VM definitions
2018-11-05 16:42:52,766 - Velocimacro : allowInlineLocal = false : VMs defined inline will be  global in scope if allowed.
2018-11-05 16:42:52,766 - Velocimacro : messages on  : VM system will output logging messages
2018-11-05 16:42:52,766 - Velocimacro : autoload off  : VM system will not automatically reload global library macros
2018-11-05 16:42:52,766 - Velocimacro : initialization complete.
2018-11-05 16:42:52,766 - Velocity successfully started.
2018-11-05 16:42:52,856 - ResourceManager : found description-xml.vm with loader middlegen.KindFileResourceLoader
2018-11-05 16:42:52,866 - ResourceManager : found description-xml.vm with loader middlegen.KindFileResourceLoader
2018-11-05 16:42:52,877 - ResourceManager : found description-xml.vm with loader middlegen.KindFileResourceLoader
2018-11-05 16:42:52,885 - ResourceManager : found copyright.vm with loader middlegen.KindFileResourceLoader
2018-11-05 16:42:52,886 - ResourceManager : found description-java.vm with loader middlegen.KindFileResourceLoader
2018-11-05 16:42:52,888 - ResourceManager : found operation/op-insert.vm with loader middlegen.KindFileResourceLoader
2018-11-05 16:42:52,889 - ResourceManager : found operation/op-javadoc.vm with loader middlegen.KindFileResourceLoader
2018-11-05 16:42:52,891 - ResourceManager : found operation/op-signature.vm with loader middlegen.KindFileResourceLoader
2018-11-05 16:42:52,893 - ResourceManager : found operation/opbody-insert.vm with loader middlegen.KindFileResourceLoader
2018-11-05 16:42:52,893 - ResourceManager : found operation/op-select.vm with loader middlegen.KindFileResourceLoader
2018-11-05 16:42:52,894 - ResourceManager : found operation/op-javadoc.vm with loader middlegen.KindFileResourceLoader
2018-11-05 16:42:52,895 - ResourceManager : found operation/op-signature.vm with loader middlegen.KindFileResourceLoader
2018-11-05 16:42:52,897 - ResourceManager : found operation/opbody-select.vm with loader middlegen.KindFileResourceLoader
2018-11-05 16:42:52,898 - ResourceManager : found operation/op-select.vm with loader middlegen.KindFileResourceLoader
2018-11-05 16:42:52,898 - ResourceManager : found operation/op-javadoc.vm with loader middlegen.KindFileResourceLoader
2018-11-05 16:42:52,899 - ResourceManager : found operation/op-signature.vm with loader middlegen.KindFileResourceLoader
2018-11-05 16:42:52,900 - ResourceManager : found operation/opbody-select.vm with loader middlegen.KindFileResourceLoader
2018-11-05 16:42:52,901 - ResourceManager : found operation/op-update.vm with loader middlegen.KindFileResourceLoader
2018-11-05 16:42:52,902 - ResourceManager : found operation/op-javadoc.vm with loader middlegen.KindFileResourceLoader
2018-11-05 16:42:52,902 - ResourceManager : found operation/op-signature.vm with loader middlegen.KindFileResourceLoader
2018-11-05 16:42:52,903 - ResourceManager : found operation/opbody-update.vm with loader middlegen.KindFileResourceLoader
2018-11-05 16:42:52,903 - ResourceManager : found operation/op-select.vm with loader middlegen.KindFileResourceLoader
2018-11-05 16:42:52,904 - ResourceManager : found operation/op-javadoc.vm with loader middlegen.KindFileResourceLoader
2018-11-05 16:42:52,905 - ResourceManager : found operation/op-signature.vm with loader middlegen.KindFileResourceLoader
2018-11-05 16:42:52,906 - ResourceManager : found operation/opbody-select.vm with loader middlegen.KindFileResourceLoader
2018-11-05 16:42:52,907 - ResourceManager : found operation/op-update.vm with loader middlegen.KindFileResourceLoader
2018-11-05 16:42:52,908 - ResourceManager : found operation/op-javadoc.vm with loader middlegen.KindFileResourceLoader
2018-11-05 16:42:52,909 - ResourceManager : found operation/op-signature.vm with loader middlegen.KindFileResourceLoader
2018-11-05 16:42:52,910 - ResourceManager : found operation/opbody-update.vm with loader middlegen.KindFileResourceLoader
2018-11-05 16:42:52,911 - ResourceManager : found operation/op-delete.vm with loader middlegen.KindFileResourceLoader
2018-11-05 16:42:52,911 - ResourceManager : found operation/op-javadoc.vm with loader middlegen.KindFileResourceLoader
2018-11-05 16:42:52,912 - ResourceManager : found operation/op-signature.vm with loader middlegen.KindFileResourceLoader
2018-11-05 16:42:52,913 - ResourceManager : found operation/opbody-delete.vm with loader middlegen.KindFileResourceLoader
2018-11-05 16:42:52,913 - ResourceManager : found operation/op-delete.vm with loader middlegen.KindFileResourceLoader
2018-11-05 16:42:52,914 - ResourceManager : found operation/op-javadoc.vm with loader middlegen.KindFileResourceLoader
2018-11-05 16:42:52,914 - ResourceManager : found operation/op-signature.vm with loader middlegen.KindFileResourceLoader
2018-11-05 16:42:52,915 - ResourceManager : found operation/opbody-delete.vm with loader middlegen.KindFileResourceLoader
2018-11-05 16:42:52,915 - ResourceManager : found operation/op-select.vm with loader middlegen.KindFileResourceLoader
2018-11-05 16:42:52,916 - ResourceManager : found operation/op-javadoc.vm with loader middlegen.KindFileResourceLoader
2018-11-05 16:42:52,916 - ResourceManager : found operation/op-signature.vm with loader middlegen.KindFileResourceLoader
2018-11-05 16:42:52,917 - ResourceManager : found operation/opbody-select.vm with loader middlegen.KindFileResourceLoader
2018-11-05 16:42:52,922 - ResourceManager : found copyright.vm with loader middlegen.KindFileResourceLoader
2018-11-05 16:42:52,922 - ResourceManager : found description-java.vm with loader middlegen.KindFileResourceLoader
2018-11-05 16:42:52,922 - ResourceManager : found operation/op-insert.vm with loader middlegen.KindFileResourceLoader
2018-11-05 16:42:52,923 - ResourceManager : found operation/op-javadoc.vm with loader middlegen.KindFileResourceLoader
2018-11-05 16:42:52,924 - ResourceManager : found operation/op-signature.vm with loader middlegen.KindFileResourceLoader
2018-11-05 16:42:52,924 - ResourceManager : found operation/opbody-insert.vm with loader middlegen.KindFileResourceLoader
2018-11-05 16:42:52,925 - ResourceManager : found operation/op-select.vm with loader middlegen.KindFileResourceLoader
2018-11-05 16:42:52,925 - ResourceManager : found operation/op-javadoc.vm with loader middlegen.KindFileResourceLoader
2018-11-05 16:42:52,925 - ResourceManager : found operation/op-signature.vm with loader middlegen.KindFileResourceLoader
2018-11-05 16:42:52,926 - ResourceManager : found operation/opbody-select.vm with loader middlegen.KindFileResourceLoader
2018-11-05 16:42:52,927 - ResourceManager : found operation/op-update.vm with loader middlegen.KindFileResourceLoader
2018-11-05 16:42:52,927 - ResourceManager : found operation/op-javadoc.vm with loader middlegen.KindFileResourceLoader
2018-11-05 16:42:52,928 - ResourceManager : found operation/op-signature.vm with loader middlegen.KindFileResourceLoader
2018-11-05 16:42:52,928 - ResourceManager : found operation/opbody-update.vm with loader middlegen.KindFileResourceLoader
2018-11-05 16:42:52,929 - ResourceManager : found operation/op-delete.vm with loader middlegen.KindFileResourceLoader
2018-11-05 16:42:52,929 - ResourceManager : found operation/op-javadoc.vm with loader middlegen.KindFileResourceLoader
2018-11-05 16:42:52,930 - ResourceManager : found operation/op-signature.vm with loader middlegen.KindFileResourceLoader
2018-11-05 16:42:52,930 - ResourceManager : found operation/opbody-delete.vm with loader middlegen.KindFileResourceLoader
2018-11-05 16:42:52,931 - ResourceManager : found operation/op-select.vm with loader middlegen.KindFileResourceLoader
2018-11-05 16:42:52,931 - ResourceManager : found operation/op-javadoc.vm with loader middlegen.KindFileResourceLoader
2018-11-05 16:42:52,932 - ResourceManager : found operation/op-signature.vm with loader middlegen.KindFileResourceLoader
2018-11-05 16:42:52,932 - ResourceManager : found operation/opbody-select.vm with loader middlegen.KindFileResourceLoader
2018-11-05 16:42:52,933 - ResourceManager : found operation/op-select.vm with loader middlegen.KindFileResourceLoader
2018-11-05 16:42:52,933 - ResourceManager : found operation/op-javadoc.vm with loader middlegen.KindFileResourceLoader
2018-11-05 16:42:52,934 - ResourceManager : found operation/op-signature.vm with loader middlegen.KindFileResourceLoader
2018-11-05 16:42:52,935 - ResourceManager : found operation/opbody-select.vm with loader middlegen.KindFileResourceLoader
2018-11-05 16:42:52,939 - ResourceManager : found copyright.vm with loader middlegen.KindFileResourceLoader
2018-11-05 16:42:52,939 - ResourceManager : found description-java.vm with loader middlegen.KindFileResourceLoader
2018-11-05 16:42:52,940 - ResourceManager : found operation/op-insert.vm with loader middlegen.KindFileResourceLoader
2018-11-05 16:42:52,940 - ResourceManager : found operation/op-javadoc.vm with loader middlegen.KindFileResourceLoader
2018-11-05 16:42:52,941 - ResourceManager : found operation/op-signature.vm with loader middlegen.KindFileResourceLoader
2018-11-05 16:42:52,941 - ResourceManager : found operation/op-select.vm with loader middlegen.KindFileResourceLoader
2018-11-05 16:42:52,941 - ResourceManager : found operation/op-javadoc.vm with loader middlegen.KindFileResourceLoader
2018-11-05 16:42:52,942 - ResourceManager : found operation/op-signature.vm with loader middlegen.KindFileResourceLoader
2018-11-05 16:42:52,942 - ResourceManager : found operation/op-select.vm with loader middlegen.KindFileResourceLoader
2018-11-05 16:42:52,943 - ResourceManager : found operation/op-javadoc.vm with loader middlegen.KindFileResourceLoader
2018-11-05 16:42:52,943 - ResourceManager : found operation/op-signature.vm with loader middlegen.KindFileResourceLoader
2018-11-05 16:42:52,944 - ResourceManager : found operation/op-update.vm with loader middlegen.KindFileResourceLoader
2018-11-05 16:42:52,944 - ResourceManager : found operation/op-javadoc.vm with loader middlegen.KindFileResourceLoader
2018-11-05 16:42:52,944 - ResourceManager : found operation/op-signature.vm with loader middlegen.KindFileResourceLoader
2018-11-05 16:42:52,945 - ResourceManager : found operation/op-select.vm with loader middlegen.KindFileResourceLoader
2018-11-05 16:42:52,945 - ResourceManager : found operation/op-javadoc.vm with loader middlegen.KindFileResourceLoader
2018-11-05 16:42:52,946 - ResourceManager : found operation/op-signature.vm with loader middlegen.KindFileResourceLoader
2018-11-05 16:42:52,946 - ResourceManager : found operation/op-update.vm with loader middlegen.KindFileResourceLoader
2018-11-05 16:42:52,946 - ResourceManager : found operation/op-javadoc.vm with loader middlegen.KindFileResourceLoader
2018-11-05 16:42:52,947 - ResourceManager : found operation/op-signature.vm with loader middlegen.KindFileResourceLoader
2018-11-05 16:42:52,947 - ResourceManager : found operation/op-delete.vm with loader middlegen.KindFileResourceLoader
2018-11-05 16:42:52,948 - ResourceManager : found operation/op-javadoc.vm with loader middlegen.KindFileResourceLoader
2018-11-05 16:42:52,948 - ResourceManager : found operation/op-signature.vm with loader middlegen.KindFileResourceLoader
2018-11-05 16:42:52,949 - ResourceManager : found operation/op-delete.vm with loader middlegen.KindFileResourceLoader
2018-11-05 16:42:52,949 - ResourceManager : found operation/op-javadoc.vm with loader middlegen.KindFileResourceLoader
2018-11-05 16:42:52,949 - ResourceManager : found operation/op-signature.vm with loader middlegen.KindFileResourceLoader
2018-11-05 16:42:52,950 - ResourceManager : found operation/op-select.vm with loader middlegen.KindFileResourceLoader
2018-11-05 16:42:52,950 - ResourceManager : found operation/op-javadoc.vm with loader middlegen.KindFileResourceLoader
2018-11-05 16:42:52,950 - ResourceManager : found operation/op-signature.vm with loader middlegen.KindFileResourceLoader
2018-11-05 16:42:52,955 - ResourceManager : found copyright.vm with loader middlegen.KindFileResourceLoader
2018-11-05 16:42:52,955 - ResourceManager : found description-java.vm with loader middlegen.KindFileResourceLoader
2018-11-05 16:42:52,955 - ResourceManager : found operation/op-insert.vm with loader middlegen.KindFileResourceLoader
2018-11-05 16:42:52,956 - ResourceManager : found operation/op-javadoc.vm with loader middlegen.KindFileResourceLoader
2018-11-05 16:42:52,956 - ResourceManager : found operation/op-signature.vm with loader middlegen.KindFileResourceLoader
2018-11-05 16:42:52,957 - ResourceManager : found operation/op-select.vm with loader middlegen.KindFileResourceLoader
2018-11-05 16:42:52,958 - ResourceManager : found operation/op-javadoc.vm with loader middlegen.KindFileResourceLoader
2018-11-05 16:42:52,958 - ResourceManager : found operation/op-signature.vm with loader middlegen.KindFileResourceLoader
2018-11-05 16:42:52,959 - ResourceManager : found operation/op-update.vm with loader middlegen.KindFileResourceLoader
2018-11-05 16:42:52,959 - ResourceManager : found operation/op-javadoc.vm with loader middlegen.KindFileResourceLoader
2018-11-05 16:42:52,960 - ResourceManager : found operation/op-signature.vm with loader middlegen.KindFileResourceLoader
2018-11-05 16:42:52,961 - ResourceManager : found operation/op-delete.vm with loader middlegen.KindFileResourceLoader
2018-11-05 16:42:52,961 - ResourceManager : found operation/op-javadoc.vm with loader middlegen.KindFileResourceLoader
2018-11-05 16:42:52,961 - ResourceManager : found operation/op-signature.vm with loader middlegen.KindFileResourceLoader
2018-11-05 16:42:52,962 - ResourceManager : found operation/op-select.vm with loader middlegen.KindFileResourceLoader
2018-11-05 16:42:52,962 - ResourceManager : found operation/op-javadoc.vm with loader middlegen.KindFileResourceLoader
2018-11-05 16:42:52,963 - ResourceManager : found operation/op-signature.vm with loader middlegen.KindFileResourceLoader
2018-11-05 16:42:52,963 - ResourceManager : found operation/op-select.vm with loader middlegen.KindFileResourceLoader
2018-11-05 16:42:52,963 - ResourceManager : found operation/op-javadoc.vm with loader middlegen.KindFileResourceLoader
2018-11-05 16:42:52,964 - ResourceManager : found operation/op-signature.vm with loader middlegen.KindFileResourceLoader
2018-11-05 16:42:52,968 - ResourceManager : found copyright.vm with loader middlegen.KindFileResourceLoader
2018-11-05 16:42:52,968 - ResourceManager : found description-java.vm with loader middlegen.KindFileResourceLoader
2018-11-05 16:42:52,969 - ResourceManager : found do-fields.vm with loader middlegen.KindFileResourceLoader
2018-11-05 16:42:52,973 - ResourceManager : found copyright.vm with loader middlegen.KindFileResourceLoader
2018-11-05 16:42:52,974 - ResourceManager : found description-java.vm with loader middlegen.KindFileResourceLoader
2018-11-05 16:42:52,975 - ResourceManager : found do-fields.vm with loader middlegen.KindFileResourceLoader
2018-11-05 16:43:53,083 - Log4JLogSystem initialized using logfile velocity.log
2018-11-05 16:43:53,084 - ************************************************************** 
2018-11-05 16:43:53,084 - Starting Jakarta Velocity v1.4
2018-11-05 16:43:53,084 - RuntimeInstance initializing.
2018-11-05 16:43:53,084 - Default Properties File: org\apache\velocity\runtime\defaults\velocity.properties
2018-11-05 16:43:53,084 - Trying to use logger class middlegen.DontCloseLog4JLogSystem
2018-11-05 16:43:53,084 - Using logger class middlegen.DontCloseLog4JLogSystem
2018-11-05 16:43:53,085 - Default ResourceManager initializing. (class org.apache.velocity.runtime.resource.ResourceManagerImpl)
2018-11-05 16:43:53,088 - Resource Loader Instantiated: middlegen.KindFileResourceLoader
2018-11-05 16:43:53,088 - FileResourceLoader : initialization starting.
2018-11-05 16:43:53,088 - FileResourceLoader : adding path 'templates/mergedir'
2018-11-05 16:43:53,088 - FileResourceLoader : initialization complete.
2018-11-05 16:43:53,088 - ClasspathResourceLoader : initialization starting.
2018-11-05 16:43:53,088 - ClasspathResourceLoader : initialization complete.
2018-11-05 16:43:53,089 - ResourceCache : initialized. (class org.apache.velocity.runtime.resource.ResourceCacheImpl)
2018-11-05 16:43:53,089 - Default ResourceManager initialization complete.
2018-11-05 16:43:53,090 - Loaded System Directive: org.apache.velocity.runtime.directive.Literal
2018-11-05 16:43:53,091 - Loaded System Directive: org.apache.velocity.runtime.directive.Macro
2018-11-05 16:43:53,093 - Loaded System Directive: org.apache.velocity.runtime.directive.Parse
2018-11-05 16:43:53,094 - Loaded System Directive: org.apache.velocity.runtime.directive.Include
2018-11-05 16:43:53,095 - Loaded System Directive: org.apache.velocity.runtime.directive.Foreach
2018-11-05 16:43:53,112 - Created: 20 parsers.
2018-11-05 16:43:53,117 - Velocimacro : initialization starting.
2018-11-05 16:43:53,117 - Velocimacro : adding VMs from VM library template : VM_global_library.vm
2018-11-05 16:43:53,119 - KindFileResourceLoader : file loader failed to load: VM_global_library.vm
2018-11-05 16:43:53,123 - ResourceManager : found VM_global_library.vm with loader middlegen.KindFileResourceLoader
2018-11-05 16:43:53,123 - Velocimacro :  VM library template macro registration complete.
2018-11-05 16:43:53,123 - Velocimacro : allowInline = true : VMs can be defined inline in templates
2018-11-05 16:43:53,123 - Velocimacro : allowInlineToOverride = false : VMs defined inline may NOT replace previous VM definitions
2018-11-05 16:43:53,123 - Velocimacro : allowInlineLocal = false : VMs defined inline will be  global in scope if allowed.
2018-11-05 16:43:53,123 - Velocimacro : messages on  : VM system will output logging messages
2018-11-05 16:43:53,123 - Velocimacro : autoload off  : VM system will not automatically reload global library macros
2018-11-05 16:43:53,123 - Velocimacro : initialization complete.
2018-11-05 16:43:53,123 - Velocity successfully started.
2018-11-05 16:43:53,211 - ResourceManager : found description-xml.vm with loader middlegen.KindFileResourceLoader
2018-11-05 16:43:53,220 - ResourceManager : found description-xml.vm with loader middlegen.KindFileResourceLoader
2018-11-05 16:43:53,232 - ResourceManager : found description-xml.vm with loader middlegen.KindFileResourceLoader
2018-11-05 16:43:53,242 - ResourceManager : found copyright.vm with loader middlegen.KindFileResourceLoader
2018-11-05 16:43:53,244 - ResourceManager : found description-java.vm with loader middlegen.KindFileResourceLoader
2018-11-05 16:43:53,246 - ResourceManager : found operation/op-insert.vm with loader middlegen.KindFileResourceLoader
2018-11-05 16:43:53,247 - ResourceManager : found operation/op-javadoc.vm with loader middlegen.KindFileResourceLoader
2018-11-05 16:43:53,249 - ResourceManager : found operation/op-signature.vm with loader middlegen.KindFileResourceLoader
2018-11-05 16:43:53,250 - ResourceManager : found operation/opbody-insert.vm with loader middlegen.KindFileResourceLoader
2018-11-05 16:43:53,251 - ResourceManager : found operation/op-select.vm with loader middlegen.KindFileResourceLoader
2018-11-05 16:43:53,251 - ResourceManager : found operation/op-javadoc.vm with loader middlegen.KindFileResourceLoader
2018-11-05 16:43:53,252 - ResourceManager : found operation/op-signature.vm with loader middlegen.KindFileResourceLoader
2018-11-05 16:43:53,254 - ResourceManager : found operation/opbody-select.vm with loader middlegen.KindFileResourceLoader
2018-11-05 16:43:53,255 - ResourceManager : found operation/op-select.vm with loader middlegen.KindFileResourceLoader
2018-11-05 16:43:53,256 - ResourceManager : found operation/op-javadoc.vm with loader middlegen.KindFileResourceLoader
2018-11-05 16:43:53,256 - ResourceManager : found operation/op-signature.vm with loader middlegen.KindFileResourceLoader
2018-11-05 16:43:53,257 - ResourceManager : found operation/opbody-select.vm with loader middlegen.KindFileResourceLoader
2018-11-05 16:43:53,258 - ResourceManager : found operation/op-update.vm with loader middlegen.KindFileResourceLoader
2018-11-05 16:43:53,258 - ResourceManager : found operation/op-javadoc.vm with loader middlegen.KindFileResourceLoader
2018-11-05 16:43:53,259 - ResourceManager : found operation/op-signature.vm with loader middlegen.KindFileResourceLoader
2018-11-05 16:43:53,260 - ResourceManager : found operation/opbody-update.vm with loader middlegen.KindFileResourceLoader
2018-11-05 16:43:53,260 - ResourceManager : found operation/op-select.vm with loader middlegen.KindFileResourceLoader
2018-11-05 16:43:53,261 - ResourceManager : found operation/op-javadoc.vm with loader middlegen.KindFileResourceLoader
2018-11-05 16:43:53,261 - ResourceManager : found operation/op-signature.vm with loader middlegen.KindFileResourceLoader
2018-11-05 16:43:53,262 - ResourceManager : found operation/opbody-select.vm with loader middlegen.KindFileResourceLoader
2018-11-05 16:43:53,263 - ResourceManager : found operation/op-update.vm with loader middlegen.KindFileResourceLoader
2018-11-05 16:43:53,263 - ResourceManager : found operation/op-javadoc.vm with loader middlegen.KindFileResourceLoader
2018-11-05 16:43:53,264 - ResourceManager : found operation/op-signature.vm with loader middlegen.KindFileResourceLoader
2018-11-05 16:43:53,265 - ResourceManager : found operation/opbody-update.vm with loader middlegen.KindFileResourceLoader
2018-11-05 16:43:53,265 - ResourceManager : found operation/op-delete.vm with loader middlegen.KindFileResourceLoader
2018-11-05 16:43:53,266 - ResourceManager : found operation/op-javadoc.vm with loader middlegen.KindFileResourceLoader
2018-11-05 16:43:53,266 - ResourceManager : found operation/op-signature.vm with loader middlegen.KindFileResourceLoader
2018-11-05 16:43:53,267 - ResourceManager : found operation/opbody-delete.vm with loader middlegen.KindFileResourceLoader
2018-11-05 16:43:53,267 - ResourceManager : found operation/op-delete.vm with loader middlegen.KindFileResourceLoader
2018-11-05 16:43:53,268 - ResourceManager : found operation/op-javadoc.vm with loader middlegen.KindFileResourceLoader
2018-11-05 16:43:53,268 - ResourceManager : found operation/op-signature.vm with loader middlegen.KindFileResourceLoader
2018-11-05 16:43:53,269 - ResourceManager : found operation/opbody-delete.vm with loader middlegen.KindFileResourceLoader
2018-11-05 16:43:53,270 - ResourceManager : found operation/op-select.vm with loader middlegen.KindFileResourceLoader
2018-11-05 16:43:53,271 - ResourceManager : found operation/op-javadoc.vm with loader middlegen.KindFileResourceLoader
2018-11-05 16:43:53,271 - ResourceManager : found operation/op-signature.vm with loader middlegen.KindFileResourceLoader
2018-11-05 16:43:53,273 - ResourceManager : found operation/opbody-select.vm with loader middlegen.KindFileResourceLoader
2018-11-05 16:43:53,278 - ResourceManager : found copyright.vm with loader middlegen.KindFileResourceLoader
2018-11-05 16:43:53,279 - ResourceManager : found description-java.vm with loader middlegen.KindFileResourceLoader
2018-11-05 16:43:53,279 - ResourceManager : found operation/op-insert.vm with loader middlegen.KindFileResourceLoader
2018-11-05 16:43:53,280 - ResourceManager : found operation/op-javadoc.vm with loader middlegen.KindFileResourceLoader
2018-11-05 16:43:53,280 - ResourceManager : found operation/op-signature.vm with loader middlegen.KindFileResourceLoader
2018-11-05 16:43:53,281 - ResourceManager : found operation/opbody-insert.vm with loader middlegen.KindFileResourceLoader
2018-11-05 16:43:53,282 - ResourceManager : found operation/op-select.vm with loader middlegen.KindFileResourceLoader
2018-11-05 16:43:53,282 - ResourceManager : found operation/op-javadoc.vm with loader middlegen.KindFileResourceLoader
2018-11-05 16:43:53,283 - ResourceManager : found operation/op-signature.vm with loader middlegen.KindFileResourceLoader
2018-11-05 16:43:53,284 - ResourceManager : found operation/opbody-select.vm with loader middlegen.KindFileResourceLoader
2018-11-05 16:43:53,285 - ResourceManager : found operation/op-update.vm with loader middlegen.KindFileResourceLoader
2018-11-05 16:43:53,286 - ResourceManager : found operation/op-javadoc.vm with loader middlegen.KindFileResourceLoader
2018-11-05 16:43:53,286 - ResourceManager : found operation/op-signature.vm with loader middlegen.KindFileResourceLoader
2018-11-05 16:43:53,287 - ResourceManager : found operation/opbody-update.vm with loader middlegen.KindFileResourceLoader
2018-11-05 16:43:53,287 - ResourceManager : found operation/op-delete.vm with loader middlegen.KindFileResourceLoader
2018-11-05 16:43:53,288 - ResourceManager : found operation/op-javadoc.vm with loader middlegen.KindFileResourceLoader
2018-11-05 16:43:53,288 - ResourceManager : found operation/op-signature.vm with loader middlegen.KindFileResourceLoader
2018-11-05 16:43:53,289 - ResourceManager : found operation/opbody-delete.vm with loader middlegen.KindFileResourceLoader
2018-11-05 16:43:53,290 - ResourceManager : found operation/op-select.vm with loader middlegen.KindFileResourceLoader
2018-11-05 16:43:53,290 - ResourceManager : found operation/op-javadoc.vm with loader middlegen.KindFileResourceLoader
2018-11-05 16:43:53,290 - ResourceManager : found operation/op-signature.vm with loader middlegen.KindFileResourceLoader
2018-11-05 16:43:53,291 - ResourceManager : found operation/opbody-select.vm with loader middlegen.KindFileResourceLoader
2018-11-05 16:43:53,292 - ResourceManager : found operation/op-select.vm with loader middlegen.KindFileResourceLoader
2018-11-05 16:43:53,292 - ResourceManager : found operation/op-javadoc.vm with loader middlegen.KindFileResourceLoader
2018-11-05 16:43:53,293 - ResourceManager : found operation/op-signature.vm with loader middlegen.KindFileResourceLoader
2018-11-05 16:43:53,293 - ResourceManager : found operation/opbody-select.vm with loader middlegen.KindFileResourceLoader
2018-11-05 16:43:53,297 - ResourceManager : found copyright.vm with loader middlegen.KindFileResourceLoader
2018-11-05 16:43:53,298 - ResourceManager : found description-java.vm with loader middlegen.KindFileResourceLoader
2018-11-05 16:43:53,298 - ResourceManager : found operation/op-insert.vm with loader middlegen.KindFileResourceLoader
2018-11-05 16:43:53,299 - ResourceManager : found operation/op-javadoc.vm with loader middlegen.KindFileResourceLoader
2018-11-05 16:43:53,299 - ResourceManager : found operation/op-signature.vm with loader middlegen.KindFileResourceLoader
2018-11-05 16:43:53,300 - ResourceManager : found operation/op-select.vm with loader middlegen.KindFileResourceLoader
2018-11-05 16:43:53,300 - ResourceManager : found operation/op-javadoc.vm with loader middlegen.KindFileResourceLoader
2018-11-05 16:43:53,300 - ResourceManager : found operation/op-signature.vm with loader middlegen.KindFileResourceLoader
2018-11-05 16:43:53,301 - ResourceManager : found operation/op-select.vm with loader middlegen.KindFileResourceLoader
2018-11-05 16:43:53,301 - ResourceManager : found operation/op-javadoc.vm with loader middlegen.KindFileResourceLoader
2018-11-05 16:43:53,302 - ResourceManager : found operation/op-signature.vm with loader middlegen.KindFileResourceLoader
2018-11-05 16:43:53,302 - ResourceManager : found operation/op-update.vm with loader middlegen.KindFileResourceLoader
2018-11-05 16:43:53,302 - ResourceManager : found operation/op-javadoc.vm with loader middlegen.KindFileResourceLoader
2018-11-05 16:43:53,303 - ResourceManager : found operation/op-signature.vm with loader middlegen.KindFileResourceLoader
2018-11-05 16:43:53,304 - ResourceManager : found operation/op-select.vm with loader middlegen.KindFileResourceLoader
2018-11-05 16:43:53,304 - ResourceManager : found operation/op-javadoc.vm with loader middlegen.KindFileResourceLoader
2018-11-05 16:43:53,304 - ResourceManager : found operation/op-signature.vm with loader middlegen.KindFileResourceLoader
2018-11-05 16:43:53,305 - ResourceManager : found operation/op-update.vm with loader middlegen.KindFileResourceLoader
2018-11-05 16:43:53,305 - ResourceManager : found operation/op-javadoc.vm with loader middlegen.KindFileResourceLoader
2018-11-05 16:43:53,306 - ResourceManager : found operation/op-signature.vm with loader middlegen.KindFileResourceLoader
2018-11-05 16:43:53,306 - ResourceManager : found operation/op-delete.vm with loader middlegen.KindFileResourceLoader
2018-11-05 16:43:53,307 - ResourceManager : found operation/op-javadoc.vm with loader middlegen.KindFileResourceLoader
2018-11-05 16:43:53,307 - ResourceManager : found operation/op-signature.vm with loader middlegen.KindFileResourceLoader
2018-11-05 16:43:53,307 - ResourceManager : found operation/op-delete.vm with loader middlegen.KindFileResourceLoader
2018-11-05 16:43:53,308 - ResourceManager : found operation/op-javadoc.vm with loader middlegen.KindFileResourceLoader
2018-11-05 16:43:53,308 - ResourceManager : found operation/op-signature.vm with loader middlegen.KindFileResourceLoader
2018-11-05 16:43:53,309 - ResourceManager : found operation/op-select.vm with loader middlegen.KindFileResourceLoader
2018-11-05 16:43:53,309 - ResourceManager : found operation/op-javadoc.vm with loader middlegen.KindFileResourceLoader
2018-11-05 16:43:53,310 - ResourceManager : found operation/op-signature.vm with loader middlegen.KindFileResourceLoader
2018-11-05 16:43:53,315 - ResourceManager : found copyright.vm with loader middlegen.KindFileResourceLoader
2018-11-05 16:43:53,316 - ResourceManager : found description-java.vm with loader middlegen.KindFileResourceLoader
2018-11-05 16:43:53,316 - ResourceManager : found operation/op-insert.vm with loader middlegen.KindFileResourceLoader
2018-11-05 16:43:53,316 - ResourceManager : found operation/op-javadoc.vm with loader middlegen.KindFileResourceLoader
2018-11-05 16:43:53,317 - ResourceManager : found operation/op-signature.vm with loader middlegen.KindFileResourceLoader
2018-11-05 16:43:53,317 - ResourceManager : found operation/op-select.vm with loader middlegen.KindFileResourceLoader
2018-11-05 16:43:53,317 - ResourceManager : found operation/op-javadoc.vm with loader middlegen.KindFileResourceLoader
2018-11-05 16:43:53,318 - ResourceManager : found operation/op-signature.vm with loader middlegen.KindFileResourceLoader
2018-11-05 16:43:53,318 - ResourceManager : found operation/op-update.vm with loader middlegen.KindFileResourceLoader
2018-11-05 16:43:53,319 - ResourceManager : found operation/op-javadoc.vm with loader middlegen.KindFileResourceLoader
2018-11-05 16:43:53,319 - ResourceManager : found operation/op-signature.vm with loader middlegen.KindFileResourceLoader
2018-11-05 16:43:53,319 - ResourceManager : found operation/op-delete.vm with loader middlegen.KindFileResourceLoader
2018-11-05 16:43:53,320 - ResourceManager : found operation/op-javadoc.vm with loader middlegen.KindFileResourceLoader
2018-11-05 16:43:53,320 - ResourceManager : found operation/op-signature.vm with loader middlegen.KindFileResourceLoader
2018-11-05 16:43:53,321 - ResourceManager : found operation/op-select.vm with loader middlegen.KindFileResourceLoader
2018-11-05 16:43:53,321 - ResourceManager : found operation/op-javadoc.vm with loader middlegen.KindFileResourceLoader
2018-11-05 16:43:53,322 - ResourceManager : found operation/op-signature.vm with loader middlegen.KindFileResourceLoader
2018-11-05 16:43:53,322 - ResourceManager : found operation/op-select.vm with loader middlegen.KindFileResourceLoader
2018-11-05 16:43:53,322 - ResourceManager : found operation/op-javadoc.vm with loader middlegen.KindFileResourceLoader
2018-11-05 16:43:53,323 - ResourceManager : found operation/op-signature.vm with loader middlegen.KindFileResourceLoader
2018-11-05 16:43:53,328 - ResourceManager : found copyright.vm with loader middlegen.KindFileResourceLoader
2018-11-05 16:43:53,329 - ResourceManager : found description-java.vm with loader middlegen.KindFileResourceLoader
2018-11-05 16:43:53,330 - ResourceManager : found do-fields.vm with loader middlegen.KindFileResourceLoader
2018-11-05 16:43:53,335 - ResourceManager : found copyright.vm with loader middlegen.KindFileResourceLoader
2018-11-05 16:43:53,335 - ResourceManager : found description-java.vm with loader middlegen.KindFileResourceLoader
2018-11-05 16:43:53,336 - ResourceManager : found do-fields.vm with loader middlegen.KindFileResourceLoader
